<?xml version="1.0" encoding="UTF-8"?>
<testng-results ignored="0" total="1" passed="1" failed="0" skipped="0">
  <reporter-output>
  </reporter-output>
  <suite started-at="2021-11-07T21:06:24 IST" name="Default suite" finished-at="2021-11-07T21:06:39 IST" duration-ms="14847">
    <groups>
    </groups>
    <test started-at="2021-11-07T21:06:24 IST" name="Default test" finished-at="2021-11-07T21:06:39 IST" duration-ms="14847">
      <class name="testcases.SigninPageTest">
        <test-method is-config="true" signature="before()[pri:0, instance:testcases.SigninPageTest@ffaa6af]" started-at="2021-11-07T21:06:24 IST" name="before" finished-at="2021-11-07T21:06:26 IST" duration-ms="1867" status="PASS">
          <reporter-output>
          </reporter-output>
        </test-method> <!-- before -->
        <test-method signature="testSigninUser()[pri:0, instance:testcases.SigninPageTest@ffaa6af]" started-at="2021-11-07T21:06:26 IST" name="testSigninUser" finished-at="2021-11-07T21:06:39 IST" duration-ms="12676" status="PASS">
          <reporter-output>
          </reporter-output>
        </test-method> <!-- testSigninUser -->
        <test-method is-config="true" signature="after()[pri:0, instance:testcases.SigninPageTest@ffaa6af]" started-at="2021-11-07T21:06:39 IST" name="after" finished-at="2021-11-07T21:06:39 IST" duration-ms="275" status="PASS">
          <reporter-output>
          </reporter-output>
        </test-method> <!-- after -->
      </class> <!-- testcases.SigninPageTest -->
    </test> <!-- Default test -->
  </suite> <!-- Default suite -->
</testng-results>
